<mxfile modified="2019-02-20T11:14:09.916Z" host="www.draw.io" agent="Mozilla/5.0 (Windows NT 6.1; WOW64) AppleWebKit/537.36 (KHTML, like Gecko) Chrome/71.0.3578.98 Safari/537.36" etag="lOKAJOfv1N1ULkoXmvcW" version="10.2.4" type="github"><diagram id="9i2UyTN-IBgube-s9Gt7" name="Page-1">zVZNc5swEP01HNtBYGz3GH+0ObTTTn1IfdTABpQRLCOEwf31lcLKgKkTt9NpfLLeY3elffuE8cJ13n5SvMy+YALSC/yk9cKNFwRsFszNj2WOHbNkfkekSiQU1BM78ROIdGG1SKAaBWpEqUU5JmMsCoj1iONKYTMOe0Q53rXkKUyIXczllH0Qic6oi8jv+XsQaeZ2Zj49ybkLJqLKeILNgAq3XrhWiLpb5e0apBXP6dLlfbzw9HQwBYW+JuHDYnP/FC8P7Kv/sAi/3/l7bN5RlQOXNTVMh9VHp0CTCQ27kscWN2bKXrjKdC4NYmbJq7LT/VG0YLZaUUVQGtqLR2UnAYxzAHPQ6mhCKCF0mpFpghnhZjACorKB+o7jNPT0VLnXxSxImj+QaTZRBRJjE4KodIYpFlxue3alsC4Sq8jGHysGrdA/LP0+IrSnILvetENwdKAwbQySLNy7ehb0ac/I5T2B1ke6VbzWaKj+tJ8RS6rR9WebenlkRgOsVQwvaEUO0lyloF+z3tQCCiTX4jA+xz8faPC6700V85Kxk7yBGxCxN74B4RWCFcmdfeMaFEteVSIe63Stx6aiDJqOftO04662Du3wDYXZ+KLm8/mZmJ31KWv4pj0vtDgrxM4KdXdjUuh5MKe2/35W0Y2be7Yc68OCNzb3/Cb/Bdniv8lkYP8h0tmw/5wLt78A</diagram></mxfile>